<?xml version="1.0" encoding="UTF-8"?>
<testng-results ignored="0" total="2" passed="1" failed="1" skipped="0">
  <reporter-output>
  </reporter-output>
  <suite started-at="2025-06-02T23:21:09 IST" name="Default suite" finished-at="2025-06-02T23:22:07 IST" duration-ms="58036">
    <groups>
    </groups>
    <test started-at="2025-06-02T23:21:09 IST" name="Default test" finished-at="2025-06-02T23:22:07 IST" duration-ms="58036">
      <class name="com.test.XrayUploaderTest">
        <test-method signature="checkButtonEnabled()[pri:0, instance:com.test.XrayUploaderTest@433defed]" started-at="2025-06-02T23:21:09 IST" name="checkButtonEnabled" finished-at="2025-06-02T23:22:02 IST" duration-ms="52651" status="FAIL">
          <exception class="com.microsoft.playwright.TimeoutError">
            <message>
              <![CDATA[Error {
  message='Timeout 30000ms exceeded.
  name='TimeoutError
  stack='TimeoutError: Timeout 30000ms exceeded.
    at ProgressController.run (C:\Users\jadha\AppData\Local\Temp\playwright-java-14240135021668518869\package\lib\server\progress.js:75:26)
    at Frame._callOnElementOnceMatches (C:\Users\jadha\AppData\Local\Temp\playwright-java-14240135021668518869\package\lib\server\frames.js:1483:23)
    at Frame._elementState (C:\Users\jadha\AppData\Local\Temp\playwright-java-14240135021668518869\package\lib\server\frames.js:1133:31)
    at Frame.isEnabled (C:\Users\jadha\AppData\Local\Temp\playwright-java-14240135021668518869\package\lib\server\frames.js:1178:17)
    at FrameDispatcher.isEnabled (C:\Users\jadha\AppData\Local\Temp\playwright-java-14240135021668518869\package\lib\server\dispatchers\frameDispatcher.js:222:32)
    at FrameDispatcher._handleCommand (C:\Users\jadha\AppData\Local\Temp\playwright-java-14240135021668518869\package\lib\server\dispatchers\dispatcher.js:96:40)
    at DispatcherConnection.dispatch (C:\Users\jadha\AppData\Local\Temp\playwright-java-14240135021668518869\package\lib\server\dispatchers\dispatcher.js:366:39)
}
Call log:
-   - waiting for locator("//*[@id=\"login-butto\"]")
]]>
            </message>
            <full-stacktrace>
              <![CDATA[com.microsoft.playwright.TimeoutError: Error {
  message='Timeout 30000ms exceeded.
  name='TimeoutError
  stack='TimeoutError: Timeout 30000ms exceeded.
    at ProgressController.run (C:\Users\jadha\AppData\Local\Temp\playwright-java-14240135021668518869\package\lib\server\progress.js:75:26)
    at Frame._callOnElementOnceMatches (C:\Users\jadha\AppData\Local\Temp\playwright-java-14240135021668518869\package\lib\server\frames.js:1483:23)
    at Frame._elementState (C:\Users\jadha\AppData\Local\Temp\playwright-java-14240135021668518869\package\lib\server\frames.js:1133:31)
    at Frame.isEnabled (C:\Users\jadha\AppData\Local\Temp\playwright-java-14240135021668518869\package\lib\server\frames.js:1178:17)
    at FrameDispatcher.isEnabled (C:\Users\jadha\AppData\Local\Temp\playwright-java-14240135021668518869\package\lib\server\dispatchers\frameDispatcher.js:222:32)
    at FrameDispatcher._handleCommand (C:\Users\jadha\AppData\Local\Temp\playwright-java-14240135021668518869\package\lib\server\dispatchers\dispatcher.js:96:40)
    at DispatcherConnection.dispatch (C:\Users\jadha\AppData\Local\Temp\playwright-java-14240135021668518869\package\lib\server\dispatchers\dispatcher.js:366:39)
}
Call log:
-   - waiting for locator("//*[@id=\"login-butto\"]")

at com.microsoft.playwright.impl.WaitableResult.get(WaitableResult.java:52)
at com.microsoft.playwright.impl.ChannelOwner.runUntil(ChannelOwner.java:132)
at com.microsoft.playwright.impl.Connection.sendMessage(Connection.java:130)
at com.microsoft.playwright.impl.ChannelOwner.sendMessage(ChannelOwner.java:118)
at com.microsoft.playwright.impl.FrameImpl.isEnabledImpl(FrameImpl.java:606)
at com.microsoft.playwright.impl.FrameImpl.lambda$isEnabled$27(FrameImpl.java:597)
at com.microsoft.playwright.impl.LoggingSupport.withLogging(LoggingSupport.java:47)
at com.microsoft.playwright.impl.ChannelOwner.withLogging(ChannelOwner.java:97)
at com.microsoft.playwright.impl.FrameImpl.isEnabled(FrameImpl.java:597)
at com.microsoft.playwright.impl.LocatorImpl.isEnabled(LocatorImpl.java:415)
at com.microsoft.playwright.Locator.isEnabled(Locator.java:4021)
at com.test.XrayUploaderTest.checkButtonEnabled(XrayUploaderTest.java:84)
at java.base/jdk.internal.reflect.DirectMethodHandleAccessor.invoke(DirectMethodHandleAccessor.java:103)
at java.base/java.lang.reflect.Method.invoke(Method.java:580)
at org.testng.internal.invokers.MethodInvocationHelper.invokeMethod(MethodInvocationHelper.java:141)
at org.testng.internal.invokers.TestInvoker.invokeMethod(TestInvoker.java:687)
at org.testng.internal.invokers.TestInvoker.invokeTestMethod(TestInvoker.java:230)
at org.testng.internal.invokers.MethodRunner.runInSequence(MethodRunner.java:63)
at org.testng.internal.invokers.TestInvoker$MethodInvocationAgent.invoke(TestInvoker.java:995)
at org.testng.internal.invokers.TestInvoker.invokeTestMethods(TestInvoker.java:203)
at org.testng.internal.invokers.TestMethodWorker.invokeTestMethods(TestMethodWorker.java:154)
at org.testng.internal.invokers.TestMethodWorker.run(TestMethodWorker.java:134)
at java.base/java.util.ArrayList.forEach(ArrayList.java:1597)
at org.testng.TestRunner.privateRun(TestRunner.java:741)
at org.testng.TestRunner.run(TestRunner.java:616)
at org.testng.SuiteRunner.runTest(SuiteRunner.java:421)
at org.testng.SuiteRunner.runSequentially(SuiteRunner.java:413)
at org.testng.SuiteRunner.privateRun(SuiteRunner.java:373)
at org.testng.SuiteRunner.run(SuiteRunner.java:312)
at org.testng.SuiteRunnerWorker.runSuite(SuiteRunnerWorker.java:52)
at org.testng.SuiteRunnerWorker.run(SuiteRunnerWorker.java:95)
at org.testng.TestNG.runSuitesSequentially(TestNG.java:1274)
at org.testng.TestNG.runSuitesLocally(TestNG.java:1208)
at org.testng.TestNG.runSuites(TestNG.java:1112)
at org.testng.TestNG.run(TestNG.java:1079)
at org.testng.remote.AbstractRemoteTestNG.run(AbstractRemoteTestNG.java:115)
at org.testng.remote.RemoteTestNG.initAndRun(RemoteTestNG.java:293)
at org.testng.remote.RemoteTestNG.main(RemoteTestNG.java:91)
Caused by: com.microsoft.playwright.TimeoutError: Error {
  message='Timeout 30000ms exceeded.
  name='TimeoutError
  stack='TimeoutError: Timeout 30000ms exceeded.
    at ProgressController.run (C:\Users\jadha\AppData\Local\Temp\playwright-java-14240135021668518869\package\lib\server\progress.js:75:26)
    at Frame._callOnElementOnceMatches (C:\Users\jadha\AppData\Local\Temp\playwright-java-14240135021668518869\package\lib\server\frames.js:1483:23)
    at Frame._elementState (C:\Users\jadha\AppData\Local\Temp\playwright-java-14240135021668518869\package\lib\server\frames.js:1133:31)
    at Frame.isEnabled (C:\Users\jadha\AppData\Local\Temp\playwright-java-14240135021668518869\package\lib\server\frames.js:1178:17)
    at FrameDispatcher.isEnabled (C:\Users\jadha\AppData\Local\Temp\playwright-java-14240135021668518869\package\lib\server\dispatchers\frameDispatcher.js:222:32)
    at FrameDispatcher._handleCommand (C:\Users\jadha\AppData\Local\Temp\playwright-java-14240135021668518869\package\lib\server\dispatchers\dispatcher.js:96:40)
    at DispatcherConnection.dispatch (C:\Users\jadha\AppData\Local\Temp\playwright-java-14240135021668518869\package\lib\server\dispatchers\dispatcher.js:366:39)
}
Call log:
-   - waiting for locator("//*[@id=\"login-butto\"]")

at com.microsoft.playwright.impl.Connection.dispatch(Connection.java:254)
at com.microsoft.playwright.impl.Connection.processOneMessage(Connection.java:211)
at com.microsoft.playwright.impl.ChannelOwner.runUntil(ChannelOwner.java:130)
... 36 more
]]>
            </full-stacktrace>
          </exception> <!-- com.microsoft.playwright.TimeoutError -->
          <reporter-output>
          </reporter-output>
        </test-method> <!-- checkButtonEnabled -->
        <test-method signature="loginTestAndUploadToXray()[pri:0, instance:com.test.XrayUploaderTest@433defed]" started-at="2025-06-02T23:22:02 IST" name="loginTestAndUploadToXray" finished-at="2025-06-02T23:22:07 IST" duration-ms="5345" status="PASS">
          <reporter-output>
          </reporter-output>
        </test-method> <!-- loginTestAndUploadToXray -->
      </class> <!-- com.test.XrayUploaderTest -->
    </test> <!-- Default test -->
  </suite> <!-- Default suite -->
</testng-results>
